\BOOKMARK [1][-]{section.1}{\376\377\137\025\212\000}{}% 1
\BOOKMARK [1][-]{section.2}{\376\377\145\160\143\156\226\306\127\372\147\054\116\313\176\315}{}% 2
\BOOKMARK [2][-]{subsection.2.1}{\376\377\145\160\143\156\147\145\156\220}{section.2}% 3
\BOOKMARK [2][-]{subsection.2.2}{\376\377\123\330\221\317\116\016\174\173\127\213}{section.2}% 4
\BOOKMARK [2][-]{subsection.2.3}{\376\377\145\160\143\156\211\304\152\041}{section.2}% 5
\BOOKMARK [2][-]{subsection.2.4}{\376\377\145\160\143\156\210\150\176\323\147\204}{section.2}% 6
\BOOKMARK [2][-]{subsection.2.5}{\376\377\145\160\143\156\230\204\131\004\164\006}{section.2}% 7
\BOOKMARK [2][-]{subsection.2.6}{\376\377\210\115\165\037\123\330\221\317}{section.2}% 8
\BOOKMARK [1][-]{section.3}{\376\377\123\357\211\306\123\026\122\006\147\220}{}% 9
\BOOKMARK [2][-]{subsection.3.1}{\376\377\140\073\117\123\143\317\217\360}{section.3}% 10
\BOOKMARK [2][-]{subsection.3.2}{\376\377\145\366\225\364\136\217\122\027\126\376\116\016\124\150\147\037\140\047}{section.3}% 11
\BOOKMARK [1][-]{section.4}{\376\377\145\160\143\156\136\372\152\041}{}% 12
\BOOKMARK [2][-]{subsection.4.1}{\376\377\000\050\000a\000\051\000\040\151\202\163\207\152\041\127\213\060\001\123\302\145\160\117\060\213\241\116\016\123\072\225\364\117\060\213\241}{section.4}% 13
\BOOKMARK [2][-]{subsection.4.2}{\376\377\000\050\000b\000\051\000\040\116\214\176\364\145\143\160\271\126\376\116\016\176\277\140\047\126\336\137\122}{section.4}% 14
\BOOKMARK [1][-]{section.5}{\376\377\120\107\213\276\150\300\232\214}{}% 15
\BOOKMARK [2][-]{subsection.5.1}{\376\377\150\300\232\214\0001\377\032\124\150\147\053\116\016\135\345\117\134\145\345\153\145\145\160\135\356\137\002}{section.5}% 16
\BOOKMARK [2][-]{subsection.5.2}{\376\377\176\323\147\234\124\110\163\260}{section.5}% 17
\BOOKMARK [2][-]{subsection.5.3}{\376\377\150\300\232\214\0002\377\032\153\145\145\160\116\016\167\141\167\040\145\366\225\177\166\204\166\370\121\163\140\047}{section.5}% 18
\BOOKMARK [3][-]{subsubsection.5.3.1}{\376\377\176\323\147\234\124\110\163\260}{subsection.5.3}% 19
\BOOKMARK [1][-]{section.6}{\376\377\176\323\213\272}{}% 20
\BOOKMARK [1][-]{section.7}{\376\377\123\302\200\003\145\207\163\056}{}% 21
\BOOKMARK [1][-]{appendix.A}{\376\377\226\104\137\125\377\032\133\214\145\164\145\160\143\156}{}% 22
